<?xml version="1.0" encoding="UTF-8"?>
<!-- Generated by org.testng.reporters.JUnitXMLReporter -->
<testsuite ignored="0" hostname="LAPTOP-E74DTKLP" failures="0" tests="6" name="all-tests" time="85.499" errors="0" timestamp="2020-05-02T13:22:44 MST">
  <testcase classname="Guru99.verifyMobItemSorted" name="verifyMobTitlePage" time="3.064"/>
  <testcase classname="Guru99.verifyMobItemSorted" name="verifyItemInMobList" time="1.092"/>
  <testcase classname="Guru99.verifyTwoMobileToCompare" name="addingmobilesToCompare" time="11.438"/>
  <testcase classname="Guru99.verifyAccountCreation" name="creatingNewAccount" time="0.599"/>
  <testcase classname="Guru99.verifyAccountCreation" name="registeringNewUser" time="12.486"/>
  <testcase classname="Guru99.verifyAccountCreation" name="addingTvToWishlist" time="15.595"/>
</testsuite> <!-- all-tests -->
