<?xml version="1.0" encoding="UTF-8"?>
<!-- Generated by org.testng.reporters.JUnitXMLReporter -->
<testsuite ignored="0" hostname="LAPTOP-E74DTKLP" failures="0" tests="6" name="all-tests" time="59.693" errors="0" timestamp="2020-05-03T13:17:29 MST">
  <testcase classname="Guru99.verifyMobItemSorted" name="verifyMobTitlePage" time="2.303"/>
  <testcase classname="Guru99.verifyMobItemSorted" name="verifyItemInMobList" time="1.044"/>
  <testcase classname="Guru99.verifyTwoMobileToCompare" name="addingmobilesToCompare" time="7.794"/>
  <testcase classname="Guru99.verifyAccountCreation" name="creatingNewAccount" time="2.273"/>
  <testcase classname="Guru99.verifyAccountCreation" name="registeringNewUser" time="2.677"/>
  <testcase classname="Guru99.verifyAccountCreation" name="addingTvToWishlist" time="9.107"/>
</testsuite> <!-- all-tests -->
