<?xml version="1.0" encoding="UTF-8"?>
<!-- Generated by org.testng.reporters.JUnitXMLReporter -->
<testsuite ignored="0" hostname="LAPTOP-E74DTKLP" failures="0" tests="5" name="all-tests" time="34.32" errors="0" timestamp="2020-04-22T14:03:55 MST">
  <testcase classname="Guru99.verifyMobItemSorted" name="verifyMobTitlePage" time="1.61"/>
  <testcase classname="Guru99.verifyMobItemSorted" name="verifyItemInMobList" time="1.266"/>
  <testcase classname="Guru99.verifySonyXperiaPrice" name="RetrieveSonyXperiaPrice" time="1.711"/>
  <testcase classname="Guru99.verifySonyXpheriaQuantity" name="verifyingQuantityOverCapacity" time="4.831"/>
  <testcase classname="Guru99.verifyTwoMobileToCompare" name="addingmobilesToCompare" time="6.803"/>
</testsuite> <!-- all-tests -->
