<?xml version="1.0" encoding="UTF-8"?>
<!-- Generated by org.testng.reporters.JUnitXMLReporter -->
<testsuite ignored="0" hostname="LAPTOP-E74DTKLP" failures="0" tests="3" name="all-tests" time="17.316" errors="0" timestamp="2020-04-10T18:29:26 MST">
  <testcase classname="Guru99.verifyMobItemSorted" name="verifyMobTitlePage" time="1.927"/>
  <testcase classname="Guru99.verifyMobItemSorted" name="verifyItemInMobList" time="1.038"/>
  <testcase classname="Guru99.verifySonyXperiaPrice" name="RetrieveSonyXperiaPrice" time="2.067"/>
</testsuite> <!-- all-tests -->
