<?xml version="1.0" encoding="UTF-8"?>
<testng-results ignored="0" total="6" passed="6" failed="0" skipped="0">
  <reporter-output>
  </reporter-output>
  <suite started-at="2020-05-03T13:16:30 MST" name="TestSuite" finished-at="2020-05-03T13:17:29 MST" duration-ms="59693">
    <groups>
    </groups>
    <test started-at="2020-05-03T13:16:30 MST" name="all-tests" finished-at="2020-05-03T13:17:29 MST" duration-ms="59693">
      <class name="Guru99.verifyTwoMobileToCompare">
        <test-method is-config="true" signature="launchingBrowser()[pri:0, instance:Guru99.verifyTwoMobileToCompare@3012646b]" started-at="2020-05-03T13:16:45 MST" name="launchingBrowser" finished-at="2020-05-03T13:16:53 MST" duration-ms="8601" status="PASS">
          <reporter-output>
          </reporter-output>
        </test-method> <!-- launchingBrowser -->
        <test-method signature="addingmobilesToCompare()[pri:0, instance:Guru99.verifyTwoMobileToCompare@3012646b]" started-at="2020-05-03T13:16:53 MST" name="addingmobilesToCompare" finished-at="2020-05-03T13:17:01 MST" duration-ms="7794" status="PASS">
          <reporter-output>
          </reporter-output>
        </test-method> <!-- addingmobilesToCompare -->
      </class> <!-- Guru99.verifyTwoMobileToCompare -->
      <class name="Guru99.verifyMobItemSorted">
        <test-method is-config="true" signature="launchingBrowser()[pri:0, instance:Guru99.verifyMobItemSorted@52719fb6]" started-at="2020-05-03T13:16:30 MST" name="launchingBrowser" finished-at="2020-05-03T13:16:40 MST" duration-ms="10309" status="PASS">
          <reporter-output>
          </reporter-output>
        </test-method> <!-- launchingBrowser -->
        <test-method signature="verifyMobTitlePage()[pri:1, instance:Guru99.verifyMobItemSorted@52719fb6]" started-at="2020-05-03T13:16:40 MST" name="verifyMobTitlePage" finished-at="2020-05-03T13:16:42 MST" duration-ms="2303" status="PASS">
          <reporter-output>
          </reporter-output>
        </test-method> <!-- verifyMobTitlePage -->
        <test-method signature="verifyItemInMobList()[pri:2, instance:Guru99.verifyMobItemSorted@52719fb6]" started-at="2020-05-03T13:16:42 MST" name="verifyItemInMobList" finished-at="2020-05-03T13:16:43 MST" duration-ms="1044" status="PASS">
          <reporter-output>
          </reporter-output>
        </test-method> <!-- verifyItemInMobList -->
        <test-method is-config="true" signature="tearDown()[pri:0, instance:Guru99.verifyMobItemSorted@52719fb6]" started-at="2020-05-03T13:16:43 MST" name="tearDown" finished-at="2020-05-03T13:16:45 MST" duration-ms="1289" status="PASS">
          <reporter-output>
          </reporter-output>
        </test-method> <!-- tearDown -->
      </class> <!-- Guru99.verifyMobItemSorted -->
      <class name="Guru99.verifyAccountCreation">
        <test-method is-config="true" signature="launchingBrowser()[pri:0, instance:Guru99.verifyAccountCreation@4a883b15]" started-at="2020-05-03T13:17:01 MST" name="launchingBrowser" finished-at="2020-05-03T13:17:15 MST" duration-ms="14256" status="PASS">
          <reporter-output>
          </reporter-output>
        </test-method> <!-- launchingBrowser -->
        <test-method signature="creatingNewAccount()[pri:0, instance:Guru99.verifyAccountCreation@4a883b15]" started-at="2020-05-03T13:17:15 MST" name="creatingNewAccount" finished-at="2020-05-03T13:17:17 MST" duration-ms="2273" status="PASS">
          <reporter-output>
          </reporter-output>
        </test-method> <!-- creatingNewAccount -->
        <test-method signature="registeringNewUser()[pri:1, instance:Guru99.verifyAccountCreation@4a883b15]" started-at="2020-05-03T13:17:17 MST" name="registeringNewUser" finished-at="2020-05-03T13:17:20 MST" duration-ms="2677" status="PASS">
          <reporter-output>
          </reporter-output>
        </test-method> <!-- registeringNewUser -->
        <test-method signature="addingTvToWishlist()[pri:0, instance:Guru99.verifyAccountCreation@4a883b15]" started-at="2020-05-03T13:17:20 MST" name="addingTvToWishlist" finished-at="2020-05-03T13:17:29 MST" depends-on-methods="Guru99.verifyAccountCreation.registeringNewUser" duration-ms="9107" status="PASS">
          <reporter-output>
          </reporter-output>
        </test-method> <!-- addingTvToWishlist -->
      </class> <!-- Guru99.verifyAccountCreation -->
    </test> <!-- all-tests -->
  </suite> <!-- TestSuite -->
</testng-results>
