<?xml version="1.0" encoding="UTF-8"?>
<testng-results ignored="0" total="3" passed="3" failed="0" skipped="0">
  <reporter-output>
  </reporter-output>
  <suite started-at="2020-04-10T18:29:09 MST" name="Suite1" finished-at="2020-04-10T18:29:26 MST" duration-ms="17316">
    <groups>
    </groups>
    <test started-at="2020-04-10T18:29:09 MST" name="all-tests" finished-at="2020-04-10T18:29:26 MST" duration-ms="17316">
      <class name="Guru99.verifyMobItemSorted">
        <test-method is-config="true" signature="launchingBrowser()[pri:0, instance:Guru99.verifyMobItemSorted@27f981c6]" started-at="2020-04-10T18:29:09 MST" name="launchingBrowser" finished-at="2020-04-10T18:29:21 MST" duration-ms="12233" status="PASS">
          <reporter-output>
          </reporter-output>
        </test-method> <!-- launchingBrowser -->
        <test-method signature="verifyMobTitlePage()[pri:1, instance:Guru99.verifyMobItemSorted@27f981c6]" started-at="2020-04-10T18:29:21 MST" name="verifyMobTitlePage" finished-at="2020-04-10T18:29:23 MST" duration-ms="1927" status="PASS">
          <reporter-output>
          </reporter-output>
        </test-method> <!-- verifyMobTitlePage -->
        <test-method signature="verifyItemInMobList()[pri:2, instance:Guru99.verifyMobItemSorted@27f981c6]" started-at="2020-04-10T18:29:23 MST" name="verifyItemInMobList" finished-at="2020-04-10T18:29:24 MST" duration-ms="1038" status="PASS">
          <reporter-output>
          </reporter-output>
        </test-method> <!-- verifyItemInMobList -->
      </class> <!-- Guru99.verifyMobItemSorted -->
      <class name="Guru99.verifySonyXperiaPrice">
        <test-method signature="RetrieveSonyXperiaPrice()[pri:0, instance:Guru99.verifySonyXperiaPrice@1b11171f]" started-at="2020-04-10T18:29:24 MST" name="RetrieveSonyXperiaPrice" finished-at="2020-04-10T18:29:26 MST" duration-ms="2067" status="PASS">
          <reporter-output>
          </reporter-output>
        </test-method> <!-- RetrieveSonyXperiaPrice -->
      </class> <!-- Guru99.verifySonyXperiaPrice -->
    </test> <!-- all-tests -->
  </suite> <!-- Suite1 -->
</testng-results>
