<?xml version="1.0" encoding="UTF-8"?>
<testng-results ignored="0" total="4" passed="3" failed="1" skipped="0">
  <reporter-output>
  </reporter-output>
  <suite started-at="2020-04-15T21:40:08 MST" name="Suite1" finished-at="2020-04-15T21:40:28 MST" duration-ms="20224">
    <groups>
    </groups>
    <test started-at="2020-04-15T21:40:08 MST" name="all-tests" finished-at="2020-04-15T21:40:28 MST" duration-ms="20224">
      <class name="Guru99.verifyMobItemSorted">
        <test-method is-config="true" signature="launchingBrowser()[pri:0, instance:Guru99.verifyMobItemSorted@268f106e]" started-at="2020-04-15T21:40:08 MST" name="launchingBrowser" finished-at="2020-04-15T21:40:20 MST" duration-ms="12057" status="PASS">
          <reporter-output>
          </reporter-output>
        </test-method> <!-- launchingBrowser -->
        <test-method signature="verifyMobTitlePage()[pri:1, instance:Guru99.verifyMobItemSorted@268f106e]" started-at="2020-04-15T21:40:20 MST" name="verifyMobTitlePage" finished-at="2020-04-15T21:40:23 MST" duration-ms="2383" status="PASS">
          <reporter-output>
          </reporter-output>
        </test-method> <!-- verifyMobTitlePage -->
        <test-method signature="verifyItemInMobList()[pri:2, instance:Guru99.verifyMobItemSorted@268f106e]" started-at="2020-04-15T21:40:23 MST" name="verifyItemInMobList" finished-at="2020-04-15T21:40:24 MST" duration-ms="936" status="PASS">
          <reporter-output>
          </reporter-output>
        </test-method> <!-- verifyItemInMobList -->
      </class> <!-- Guru99.verifyMobItemSorted -->
      <class name="Guru99.verifySonyXperiaPrice">
        <test-method signature="RetrieveSonyXperiaPrice()[pri:0, instance:Guru99.verifySonyXperiaPrice@6e9a5ed8]" started-at="2020-04-15T21:40:24 MST" name="RetrieveSonyXperiaPrice" finished-at="2020-04-15T21:40:26 MST" duration-ms="1911" status="PASS">
          <reporter-output>
          </reporter-output>
        </test-method> <!-- RetrieveSonyXperiaPrice -->
      </class> <!-- Guru99.verifySonyXperiaPrice -->
      <class name="Guru99.verifySonyXpheriaQuantity">
        <test-method signature="verifyingQuantityOverCapacity()[pri:0, instance:Guru99.verifySonyXpheriaQuantity@7e057f43]" started-at="2020-04-15T21:40:26 MST" name="verifyingQuantityOverCapacity" finished-at="2020-04-15T21:40:28 MST" duration-ms="2882" status="FAIL">
          <exception class="junit.framework.ComparisonFailure">
            <message>
              <![CDATA[expected:<...> but was:<...quantity.>]]>
            </message>
            <full-stacktrace>
              <![CDATA[junit.framework.ComparisonFailure: expected:<...> but was:<...quantity.>
at junit.framework.Assert.assertEquals(Assert.java:81)
at junit.framework.Assert.assertEquals(Assert.java:87)
at Guru99.verifySonyXpheriaQuantity.verifyingQuantityOverCapacity(verifySonyXpheriaQuantity.java:29)
at java.base/jdk.internal.reflect.NativeMethodAccessorImpl.invoke0(Native Method)
at java.base/jdk.internal.reflect.NativeMethodAccessorImpl.invoke(NativeMethodAccessorImpl.java:62)
at java.base/jdk.internal.reflect.DelegatingMethodAccessorImpl.invoke(DelegatingMethodAccessorImpl.java:43)
at java.base/java.lang.reflect.Method.invoke(Method.java:567)
at org.testng.internal.MethodInvocationHelper.invokeMethod(MethodInvocationHelper.java:134)
at org.testng.internal.TestInvoker.invokeMethod(TestInvoker.java:597)
at org.testng.internal.TestInvoker.invokeTestMethod(TestInvoker.java:173)
at org.testng.internal.MethodRunner.runInSequence(MethodRunner.java:46)
at org.testng.internal.TestInvoker$MethodInvocationAgent.invoke(TestInvoker.java:816)
at org.testng.internal.TestInvoker.invokeTestMethods(TestInvoker.java:146)
at org.testng.internal.TestMethodWorker.invokeTestMethods(TestMethodWorker.java:146)
at org.testng.internal.TestMethodWorker.run(TestMethodWorker.java:128)
at java.base/java.util.ArrayList.forEach(ArrayList.java:1507)
at org.testng.TestRunner.privateRun(TestRunner.java:766)
at org.testng.TestRunner.run(TestRunner.java:587)
at org.testng.SuiteRunner.runTest(SuiteRunner.java:384)
at org.testng.SuiteRunner.runSequentially(SuiteRunner.java:378)
at org.testng.SuiteRunner.privateRun(SuiteRunner.java:337)
at org.testng.SuiteRunner.run(SuiteRunner.java:286)
at org.testng.SuiteRunnerWorker.runSuite(SuiteRunnerWorker.java:53)
at org.testng.SuiteRunnerWorker.run(SuiteRunnerWorker.java:96)
at org.testng.TestNG.runSuitesSequentially(TestNG.java:1187)
at org.testng.TestNG.runSuitesLocally(TestNG.java:1109)
at org.testng.TestNG.runSuites(TestNG.java:1039)
at org.testng.TestNG.run(TestNG.java:1007)
at org.testng.remote.AbstractRemoteTestNG.run(AbstractRemoteTestNG.java:115)
at org.testng.remote.RemoteTestNG.initAndRun(RemoteTestNG.java:251)
at org.testng.remote.RemoteTestNG.main(RemoteTestNG.java:77)
]]>
            </full-stacktrace>
          </exception> <!-- junit.framework.ComparisonFailure -->
          <reporter-output>
          </reporter-output>
        </test-method> <!-- verifyingQuantityOverCapacity -->
      </class> <!-- Guru99.verifySonyXpheriaQuantity -->
    </test> <!-- all-tests -->
  </suite> <!-- Suite1 -->
</testng-results>
