<?xml version="1.0" encoding="UTF-8"?>
<!-- Generated by org.testng.reporters.JUnitXMLReporter -->
<testsuite ignored="0" hostname="LAPTOP-E74DTKLP" failures="1" tests="6" name="all-tests" time="43.416" errors="0" timestamp="2020-05-01T16:39:30 MST">
  <testcase classname="Guru99.verifyMobItemSorted" name="verifyMobTitlePage" time="2.001"/>
  <testcase classname="Guru99.verifyMobItemSorted" name="verifyItemInMobList" time="1.664">
    <failure type="junit.framework.AssertionFailedError">
      <![CDATA[junit.framework.AssertionFailedError
at junit.framework.Assert.fail(Assert.java:47)
at junit.framework.Assert.assertTrue(Assert.java:20)
at junit.framework.Assert.assertTrue(Assert.java:27)
at Guru99.verifyMobItemSorted.verifyItemInMobList(verifyMobItemSorted.java:80)
at java.base/java.util.ArrayList.forEach(ArrayList.java:1507)
... Removed 27 stack frames]]>
    </failure>
  </testcase> <!-- verifyItemInMobList -->
  <testcase classname="Guru99.verifyTwoMobileToCompare" name="addingmobilesToCompare" time="5.741"/>
  <testcase classname="Guru99.verifyAccountCreation" name="creatingNewAccount" time="0.5"/>
  <testcase classname="Guru99.verifyAccountCreation" name="registeringNewUser" time="4.404"/>
  <testcase classname="Guru99.verifyAccountCreation" name="addingTvToWishlist" time="3.06"/>
</testsuite> <!-- all-tests -->
